Downloading https://services.gradle.org/distributions/gradle-9.4.1-bin.zip
.............10%.............20%.............30%.............40%.............50%.............60%..............70%.............80%.............90%.............100%

Welcome to Gradle 9.4.1!

Here are the highlights of this release:
 - Java 26 support
 - Non-class-based JVM tests
 - Enhanced console progress bar

For more details see https://docs.gradle.org/9.4.1/release-notes.html

Starting a Gradle Daemon (subsequent builds will be faster)
Calculating task graph as no cached configuration is available for tasks: :app:assembleDebug

> Configure project :app
WARNING: The option setting 'android.disallowKotlinSourceSets=false' is experimental.
The current default is 'true'.

> Task :app:generateDebugAssets UP-TO-DATE
> Task :app:preBuild UP-TO-DATE
> Task :app:preDebugBuild UP-TO-DATE
> Task :app:mergeDebugNativeDebugMetadata NO-SOURCE
> Task :app:generateDebugBuildConfig
> Task :app:generateDebugResources
> Task :app:packageDebugResources
> Task :app:javaPreCompileDebug
> Task :app:processDebugNavigationResources
> Task :app:mergeDebugAssets
> Task :app:compressDebugAssets
> Task :app:desugarDebugFileDependencies
> Task :app:parseDebugLocalResources
> Task :app:checkDebugDuplicateClasses
> Task :app:generateDebugGlobalSynthetics
> Task :app:generateDebugRFile
> Task :app:checkDebugAarMetadata
> Task :app:mapDebugSourceSetPaths
> Task :app:compileDebugNavigationResources
> Task :app:mergeExtDexDebug
> Task :app:mergeLibDexDebug
> Task :app:kspDebugKotlin
> Task :app:mergeDebugResources
> Task :app:createDebugCompatibleScreenManifests
> Task :app:extractDeepLinksDebug
> Task :app:processDebugMainManifest
> Task :app:processDebugManifest
> Task :app:processDebugManifestForPackage
> Task :app:mergeDebugJniLibFolders
> Task :app:mergeDebugNativeLibs
> Task :app:stripDebugDebugSymbols
> Task :app:processDebugResources
> Task :app:writeDebugAppMetadata
> Task :app:writeDebugSigningConfigVersions
> Task :app:validateSigningDebug

> Task :app:compileDebugKotlin
e: file:///home/runner/work/phils-osophy/phils-osophy/app/src/main/java/com/example/phils_osophy/ui/screens/RecipeDetailScreen.kt:41:39 Unresolved reference 'BringIntoViewRequester'.
e: file:///home/runner/work/phils-osophy/phils-osophy/app/src/main/java/com/example/phils_osophy/ui/screens/RecipeDetailScreen.kt:42:39 Unresolved reference 'bringIntoViewRequester'.
e: file:///home/runner/work/phils-osophy/phils-osophy/app/src/main/java/com/example/phils_osophy/ui/screens/RecipeDetailScreen.kt:97:44 Cannot infer type for this parameter. Specify it explicitly.
e: file:///home/runner/work/phils-osophy/phils-osophy/app/src/main/java/com/example/phils_osophy/ui/screens/RecipeDetailScreen.kt:98:9 Unresolved reference 'BringIntoViewRequester'.
e: file:///home/runner/work/phils-osophy/phils-osophy/app/src/main/java/com/example/phils_osophy/ui/screens/RecipeDetailScreen.kt:294:66 Unresolved reference 'bringIntoView'.
e: file:///home/runner/work/phils-osophy/phils-osophy/app/src/main/java/com/example/phils_osophy/ui/screens/RecipeDetailScreen.kt:317:66 Unresolved reference 'bringIntoView'.
e: file:///home/runner/work/phils-osophy/phils-osophy/app/src/main/java/com/example/phils_osophy/ui/screens/RecipeDetailScreen.kt:342:37 Unresolved reference 'bringIntoViewRequester'.

> Task :app:compileDebugKotlin FAILED

FAILURE: Build failed with an exception.

* What went wrong:
Execution failed for task ':app:compileDebugKotlin'.
> A failure occurred while executing org.jetbrains.kotlin.compilerRunner.GradleCompilerRunnerWithWorkers$GradleKotlinCompilerWorkAction
   > Compilation error. See log for more details

* Try:
> Run with --stacktrace option to get the stack trace.
> Run with --info or --debug option to get more log output.
> Run with --scan to get full insights from a Build Scan (powered by Develocity).
> Get more help at https://help.gradle.org.

BUILD FAILED in 2m 47s
32 actionable tasks: 32 executed
Configuration cache entry stored.
GRADLE_EXIT_CODE=1
